TN:
SF:/Users/user/Desktop/pic/HW_Testing_Wep_App/CreditCardApp/src/polyfills.ts
FNF:0
FNH:0
LF:0
LH:0
BRF:0
BRH:0
end_of_record
TN:
SF:/Users/user/Desktop/pic/HW_Testing_Wep_App/CreditCardApp/src/test.ts
FNF:0
FNH:0
DA:18,1
DA:23,1
DA:25,1
LF:3
LH:3
BRF:0
BRH:0
end_of_record
TN:
SF:/Users/user/Desktop/pic/HW_Testing_Wep_App/CreditCardApp/src/app/app.component.ts
FN:18,(anonymous_0)
FN:20,(anonymous_1)
FN:29,(anonymous_3)
FN:34,(anonymous_4)
FNF:4
FNH:1
FNDA:1,(anonymous_0)
FNDA:0,(anonymous_1)
FNDA:0,(anonymous_3)
FNDA:0,(anonymous_4)
DA:11,1
DA:13,1
DA:16,1
DA:18,1
DA:21,0
DA:30,0
DA:31,0
DA:35,0
DA:36,0
LF:9
LH:4
BRF:0
BRH:0
end_of_record
TN:
SF:/Users/user/Desktop/pic/HW_Testing_Wep_App/CreditCardApp/src/app/credit-card-service/credit-card.service.ts
FN:27,(anonymous_0)
FN:40,(anonymous_1)
FN:78,(anonymous_2)
FN:91,(anonymous_3)
FN:105,(anonymous_4)
FN:111,(anonymous_5)
FN:116,(anonymous_6)
FN:117,(anonymous_7)
FN:121,(anonymous_8)
FN:153,(anonymous_9)
FNF:10
FNH:10
FNDA:9,(anonymous_0)
FNDA:7,(anonymous_1)
FNDA:2,(anonymous_2)
FNDA:4,(anonymous_3)
FNDA:6,(anonymous_4)
FNDA:3,(anonymous_5)
FNDA:7,(anonymous_6)
FNDA:28,(anonymous_7)
FNDA:5,(anonymous_8)
FNDA:20,(anonymous_9)
DA:17,1
DA:19,9
DA:28,9
DA:29,9
DA:41,7
DA:46,7
DA:47,7
DA:48,1
DA:49,1
DA:52,6
DA:53,1
DA:54,1
DA:57,5
DA:58,2
DA:59,2
DA:62,3
DA:63,1
DA:64,1
DA:67,2
DA:68,1
DA:69,1
DA:72,1
DA:73,1
DA:75,1
DA:79,2
DA:80,2
DA:82,2
DA:83,2
DA:84,1
DA:88,1
DA:92,4
DA:93,4
DA:95,4
DA:96,15
DA:97,15
DA:98,3
DA:102,1
DA:106,6
DA:107,6
DA:108,6
DA:112,3
DA:113,3
DA:117,7
DA:118,28
DA:122,5
DA:123,5
DA:124,5
DA:127,5
DA:129,78
DA:131,78
DA:132,8
DA:133,8
DA:136,78
DA:138,78
DA:139,39
DA:141,39
DA:145,5
DA:147,1
DA:150,4
DA:154,20
LF:60
LH:60
BRDA:47,0,0,1
BRDA:47,0,1,6
BRDA:52,1,0,1
BRDA:52,1,1,5
BRDA:57,2,0,2
BRDA:57,2,1,3
BRDA:57,3,0,5
BRDA:57,3,1,4
BRDA:62,4,0,1
BRDA:62,4,1,2
BRDA:67,5,0,1
BRDA:67,5,1,1
BRDA:83,6,0,1
BRDA:83,6,1,1
BRDA:97,7,0,3
BRDA:97,7,1,12
BRDA:108,8,0,5
BRDA:108,8,1,1
BRDA:131,9,0,8
BRDA:131,9,1,70
BRDA:138,10,0,39
BRDA:138,10,1,39
BRDA:145,11,0,1
BRDA:145,11,1,4
BRF:24
BRH:24
end_of_record
TN:
SF:/Users/user/Desktop/pic/HW_Testing_Wep_App/CreditCardApp/src/app/static-data/card-errors.ts
FNF:0
FNH:0
DA:1,1
LF:1
LH:1
BRF:0
BRH:0
end_of_record
TN:
SF:/Users/user/Desktop/pic/HW_Testing_Wep_App/CreditCardApp/src/app/static-data/card-list.ts
FNF:0
FNH:0
DA:3,1
LF:1
LH:1
BRF:0
BRH:0
end_of_record
